<?xml version="1.0" encoding="UTF-8"?>
<!-- Generated by org.testng.reporters.JUnitXMLReporter -->
<testsuite ignored="0" hostname="ThivakarDeivendran" failures="0" tests="5" name="Default test" time="38.751" errors="0" timestamp="2024-10-24T20:58:58 IST">
  <testcase classname="TestClass" name="TestCase1" time="9.252"/>
  <testcase classname="TestClass" name="TestCase2" time="2.409"/>
  <testcase classname="TestClass" name="TestCase3" time="9.016"/>
  <testcase classname="TestClass" name="TestCase4" time="8.647"/>
  <testcase classname="TestClass" name="TestCase5" time="9.321"/>
</testsuite> <!-- Default test -->
