<?xml version="1.0" encoding="UTF-8"?>
<testng-results ignored="0" total="5" passed="5" failed="0" skipped="0">
  <reporter-output>
  </reporter-output>
  <suite started-at="2024-10-24T20:58:19 IST" name="Default suite" finished-at="2024-10-24T20:58:58 IST" duration-ms="38751">
    <groups>
    </groups>
    <test started-at="2024-10-24T20:58:19 IST" name="Default test" finished-at="2024-10-24T20:58:58 IST" duration-ms="38751">
      <class name="TestClass">
        <test-method signature="TestCase1()[pri:1, instance:TestClass@7ce69770]" started-at="2024-10-24T20:58:19 IST" name="TestCase1" finished-at="2024-10-24T20:58:29 IST" duration-ms="9252" status="PASS">
          <reporter-output>
          </reporter-output>
        </test-method> <!-- TestCase1 -->
        <test-method signature="TestCase2()[pri:2, instance:TestClass@7ce69770]" started-at="2024-10-24T20:58:29 IST" name="TestCase2" finished-at="2024-10-24T20:58:31 IST" duration-ms="2409" status="PASS">
          <reporter-output>
          </reporter-output>
        </test-method> <!-- TestCase2 -->
        <test-method signature="TestCase3()[pri:3, instance:TestClass@7ce69770]" started-at="2024-10-24T20:58:31 IST" name="TestCase3" finished-at="2024-10-24T20:58:40 IST" duration-ms="9016" status="PASS">
          <reporter-output>
          </reporter-output>
        </test-method> <!-- TestCase3 -->
        <test-method signature="TestCase4()[pri:4, instance:TestClass@7ce69770]" started-at="2024-10-24T20:58:40 IST" name="TestCase4" finished-at="2024-10-24T20:58:49 IST" duration-ms="8647" status="PASS">
          <reporter-output>
          </reporter-output>
        </test-method> <!-- TestCase4 -->
        <test-method signature="TestCase5()[pri:5, instance:TestClass@7ce69770]" started-at="2024-10-24T20:58:49 IST" name="TestCase5" finished-at="2024-10-24T20:58:58 IST" duration-ms="9321" status="PASS">
          <reporter-output>
          </reporter-output>
        </test-method> <!-- TestCase5 -->
      </class> <!-- TestClass -->
    </test> <!-- Default test -->
  </suite> <!-- Default suite -->
</testng-results>
